<?xml version="1.0" encoding="UTF-8"?>
<!-- Generated by org.testng.reporters.JUnitReportReporter -->
<testsuite hostname="DESKTOP-5SNJ4PG" failures="0" tests="1" name="PositiveLoginTest" time="8.630" errors="0" timestamp="2023-07-17T19:12:22 CEST" skipped="0">
  <testcase classname="PositiveLoginTest" name="successfulLoginWithGoodCredentialsTest" time="8.630"/>
  <system-out/>
</testsuite> <!-- PositiveLoginTest -->
